e:\ruanjian\daima\vs\c_preject\snake\snake\debug\vc141.pdb
e:\ruanjian\daima\vs\c_preject\snake\snake\debug\vc141.idb
e:\ruanjian\daima\vs\c_preject\snake\snake\debug\snokeleight.obj
e:\ruanjian\daima\vs\c_preject\snake\snake\debug\pagefunction.obj
e:\ruanjian\daima\vs\c_preject\snake\snake\debug\write_game.obj
e:\ruanjian\daima\vs\c_preject\snake\snake\debug\temp.obj
e:\ruanjian\daima\vs\c_preject\snake\snake\debug\setsnake.obj
e:\ruanjian\daima\vs\c_preject\snake\snake\debug\pagesnake.obj
e:\ruanjian\daima\vs\c_preject\snake\snake\debug\map.obj
e:\ruanjian\daima\vs\c_preject\snake\snake\debug\food.obj
e:\ruanjian\daima\vs\c_preject\snake\snake\debug\dealfile.obj
e:\ruanjian\daima\vs\c_preject\snake\snake\debug\snake.obj
e:\ruanjian\daima\vs\c_preject\snake\snake\debug\accpass.obj
e:\ruanjian\daima\vs\c_preject\snake\debug\snake.pdb
e:\ruanjian\daima\vs\c_preject\snake\snake\debug\snake.tlog\cl.command.1.tlog
e:\ruanjian\daima\vs\c_preject\snake\snake\debug\snake.tlog\cl.read.1.tlog
e:\ruanjian\daima\vs\c_preject\snake\snake\debug\snake.tlog\cl.write.1.tlog
e:\ruanjian\daima\vs\c_preject\snake\snake\debug\snake.tlog\link-cvtres.read.1.tlog
e:\ruanjian\daima\vs\c_preject\snake\snake\debug\snake.tlog\link-cvtres.write.1.tlog
e:\ruanjian\daima\vs\c_preject\snake\snake\debug\snake.tlog\link-rc.read.1.tlog
e:\ruanjian\daima\vs\c_preject\snake\snake\debug\snake.tlog\link-rc.write.1.tlog
e:\ruanjian\daima\vs\c_preject\snake\snake\debug\snake.tlog\link.17304-cvtres.read.1.tlog
e:\ruanjian\daima\vs\c_preject\snake\snake\debug\snake.tlog\link.17304-cvtres.write.1.tlog
e:\ruanjian\daima\vs\c_preject\snake\snake\debug\snake.tlog\link.17304-rc.read.1.tlog
e:\ruanjian\daima\vs\c_preject\snake\snake\debug\snake.tlog\link.17304-rc.write.1.tlog
e:\ruanjian\daima\vs\c_preject\snake\snake\debug\snake.tlog\link.17304.read.1.tlog
e:\ruanjian\daima\vs\c_preject\snake\snake\debug\snake.tlog\link.17304.write.1.tlog
e:\ruanjian\daima\vs\c_preject\snake\snake\debug\snake.tlog\link.command.1.tlog
e:\ruanjian\daima\vs\c_preject\snake\snake\debug\snake.tlog\link.read.1.tlog
e:\ruanjian\daima\vs\c_preject\snake\snake\debug\snake.tlog\link.write.1.tlog
